<?xml version="1.0" encoding="UTF-8"?>
<testng-results skipped="0" failed="0" ignored="0" total="1" passed="1">
  <reporter-output>
  </reporter-output>
  <suite name="Default suite" duration-ms="105003" started-at="2023-06-02T07:50:58 IST" finished-at="2023-06-02T07:52:43 IST">
    <groups>
      <group name="cucumber">
        <method signature="AbstractTestNGCucumberTests.runScenario(io.cucumber.testng.PickleWrapper,io.cucumber.testng.FeatureWrapper)[pri:0, instance:runnerclass.WordtestRunner@2d127a61]" name="runScenario" class="io.cucumber.testng.AbstractTestNGCucumberTests"/>
      </group> <!-- cucumber -->
    </groups>
    <test name="Default test" duration-ms="105003" started-at="2023-06-02T07:50:58 IST" finished-at="2023-06-02T07:52:43 IST">
      <class name="runnerclass.WordtestRunner">
        <test-method status="PASS" signature="setUpClass(org.testng.ITestContext)[pri:0, instance:runnerclass.WordtestRunner@2d127a61]" name="setUpClass" is-config="true" duration-ms="1196" started-at="2023-06-02T07:50:58 IST" finished-at="2023-06-02T07:50:59 IST">
          <params>
            <param index="0">
              <value>
                <![CDATA[org.testng.TestRunner@66b59b7d]]>
              </value>
            </param>
          </params>
          <reporter-output>
          </reporter-output>
        </test-method> <!-- setUpClass -->
        <test-method status="PASS" signature="runScenario(io.cucumber.testng.PickleWrapper,io.cucumber.testng.FeatureWrapper)[pri:0, instance:runnerclass.WordtestRunner@2d127a61]" name="runScenario" duration-ms="103474" started-at="2023-06-02T07:50:59 IST" description="Runs Cucumber Scenarios" data-provider="scenarios" finished-at="2023-06-02T07:52:43 IST">
          <params>
            <param index="0">
              <value>
                <![CDATA[""]]>
              </value>
            </param>
            <param index="1">
              <value>
                <![CDATA["Sample Scenario3"]]>
              </value>
            </param>
          </params>
          <reporter-output>
          </reporter-output>
        </test-method> <!-- runScenario -->
        <test-method status="PASS" signature="tearDownClass()[pri:0, instance:runnerclass.WordtestRunner@2d127a61]" name="tearDownClass" is-config="true" duration-ms="245" started-at="2023-06-02T07:52:43 IST" finished-at="2023-06-02T07:52:43 IST">
          <reporter-output>
          </reporter-output>
        </test-method> <!-- tearDownClass -->
      </class> <!-- runnerclass.WordtestRunner -->
    </test> <!-- Default test -->
  </suite> <!-- Default suite -->
</testng-results>
